D, [2017-03-08T10:37:51.433876 #32429] DEBUG -- : ----- Log started at 08/03/2017 10:37 -----
I, [2017-03-08 10:37:51 #32429]  INFO -- : file: /Users/brian/code/ruby/watcher/channel1.ism has changed
D, [2017-03-08T10:38:15.516537 #32433] DEBUG -- : ----- Log started at 08/03/2017 10:38 -----
I, [2017-03-08 10:38:15 #32433]  INFO -- : file: /Users/brian/code/ruby/watcher/channel1.ism has changed
I, [2017-03-08 10:43:34 #32433]  INFO -- : file: /Users/brian/code/ruby/watcher/filewatcher.rb has changed
I, [2017-03-08 10:43:53 #32433]  INFO -- : file: /Users/brian/code/ruby/watcher/filewatcher.rb has changed
I, [2017-03-08 10:43:55 #32433]  INFO -- : file: /Users/brian/code/ruby/watcher/filewatcher.rb has changed
I, [2017-03-08 10:45:40 #32433]  INFO -- : file: /Users/brian/code/ruby/watcher/filewatcher.rb has changed
I, [2017-03-08 10:47:12 #32433]  INFO -- : file: /Users/brian/code/ruby/watcher/filewatcher.rb has changed
I, [2017-03-08 10:47:55 #32433]  INFO -- : file: /Users/brian/code/ruby/watcher/filewatcher.rb has changed
I, [2017-03-08 10:48:28 #32433]  INFO -- : file: /Users/brian/code/ruby/watcher/filewatcher.rb has changed
I, [2017-03-08 10:48:31 #32433]  INFO -- : file: /Users/brian/code/ruby/watcher/filewatcher.rb has changed
D, [2017-03-08T10:48:51.776226 #32597] DEBUG -- : ----- Log started at 08/03/2017 10:48 -----
I, [2017-03-08 10:48:51 #32597]  INFO -- : file: /Users/brian/code/ruby/watcher/channel1.ism has changed
D, [2017-03-08T10:49:41.807199 #32603] DEBUG -- : ----- Log started at 08/03/2017 10:49 -----
I, [2017-03-08 10:49:41 #32603]  INFO -- : file: /Users/brian/code/ruby/watcher/channel1.ism has changed
D, [2017-03-08T10:59:18.820929 #32680] DEBUG -- : ----- Log started at 08/03/2017 10:59 -----
I, [2017-03-08 10:59:18 #32680]  INFO -- : file: /Users/brian/code/ruby/watcher/channel1.ism has changed
D, [2017-03-08T10:59:56.018037 #32696] DEBUG -- : ----- Log started at 08/03/2017 10:59 -----
I, [2017-03-08 10:59:56 #32696]  INFO -- : file: /Users/brian/code/ruby/watcher/channel1.ism has changed
I, [2017-03-08 11:00:09 #32696]  INFO -- : file: /Users/brian/code/ruby/watcher/channel1.ism has changed
I, [2017-03-08 11:00:26 #32696]  INFO -- : file: /Users/brian/code/ruby/watcher/filewatcher.rb has changed
I, [2017-03-08 11:01:27 #32696]  INFO -- : file: /Users/brian/code/ruby/watcher/filewatcher.rb has changed
I, [2017-03-08 11:18:20 #32696]  INFO -- : file: /Users/brian/code/ruby/watcher/filewatcher.rb has changed
D, [2017-03-08T11:19:55.403867 #32898] DEBUG -- : ----- Log started at 08/03/2017 11:19 -----
I, [2017-03-08 11:19:55 #32898]  INFO -- : file: /Users/brian/code/ruby/watcher/channel1.ism has changed
I, [2017-03-08 11:19:55 #32898]  INFO -- : file: /Users/brian/code/ruby/watcher/channel1.ism_aes.ism has changed
I, [2017-03-08 11:19:55 #32898]  INFO -- : file: /Users/brian/code/ruby/watcher/channel1.ism_aes.ism_aes.ism has changed
I, [2017-03-08 11:19:55 #32898]  INFO -- : file: /Users/brian/code/ruby/watcher/channel1.ism_aes.ism_aes.ism_aes.ism has changed
I, [2017-03-08 11:19:55 #32898]  INFO -- : file: /Users/brian/code/ruby/watcher/channel1.ism_aes.ism_aes.ism_aes.ism_aes.ism has changed
I, [2017-03-08 11:19:55 #32898]  INFO -- : file: /Users/brian/code/ruby/watcher/channel1.ism_aes.ism_aes.ism_aes.ism_aes.ism_aes.ism has changed
I, [2017-03-08 11:19:55 #32898]  INFO -- : file: /Users/brian/code/ruby/watcher/channel1.ism_aes.ism_aes.ism_aes.ism_aes.ism_aes.ism_aes.ism has changed
I, [2017-03-08 11:19:55 #32898]  INFO -- : file: /Users/brian/code/ruby/watcher/channel1.ism_aes.ism_aes.ism_aes.ism_aes.ism_aes.ism_aes.ism_aes.ism has changed
I, [2017-03-08 11:19:55 #32898]  INFO -- : file: /Users/brian/code/ruby/watcher/channel1.ism_aes.ism_aes.ism_aes.ism_aes.ism_aes.ism_aes.ism_aes.ism_aes.ism has changed
I, [2017-03-08 11:19:55 #32898]  INFO -- : file: /Users/brian/code/ruby/watcher/channel1.ism_aes.ism_aes.ism_aes.ism_aes.ism_aes.ism_aes.ism_aes.ism_aes.ism_aes.ism has changed
I, [2017-03-08 11:19:55 #32898]  INFO -- : file: /Users/brian/code/ruby/watcher/channel1.ism_aes.ism_aes.ism_aes.ism_aes.ism_aes.ism_aes.ism_aes.ism_aes.ism_aes.ism_aes.ism has changed
I, [2017-03-08 11:19:55 #32898]  INFO -- : file: /Users/brian/code/ruby/watcher/channel1.ism_aes.ism_aes.ism_aes.ism_aes.ism_aes.ism_aes.ism_aes.ism_aes.ism_aes.ism_aes.ism_aes.ism has changed
I, [2017-03-08 11:19:55 #32898]  INFO -- : file: /Users/brian/code/ruby/watcher/channel1.ism_aes.ism_aes.ism_aes.ism_aes.ism_aes.ism_aes.ism_aes.ism_aes.ism_aes.ism_aes.ism_aes.ism_aes.ism has changed
I, [2017-03-08 11:19:55 #32898]  INFO -- : file: /Users/brian/code/ruby/watcher/channel1.ism_aes.ism_aes.ism_aes.ism_aes.ism_aes.ism_aes.ism_aes.ism_aes.ism_aes.ism_aes.ism_aes.ism_aes.ism_aes.ism has changed
I, [2017-03-08 11:19:55 #32898]  INFO -- : file: /Users/brian/code/ruby/watcher/channel1.ism_aes.ism_aes.ism_aes.ism_aes.ism_aes.ism_aes.ism_aes.ism_aes.ism_aes.ism_aes.ism_aes.ism_aes.ism_aes.ism_aes.ism has changed
I, [2017-03-08 11:19:55 #32898]  INFO -- : file: /Users/brian/code/ruby/watcher/channel1.ism_aes.ism_aes.ism_aes.ism_aes.ism_aes.ism_aes.ism_aes.ism_aes.ism_aes.ism_aes.ism_aes.ism_aes.ism_aes.ism_aes.ism_aes.ism has changed
I, [2017-03-08 11:19:55 #32898]  INFO -- : file: /Users/brian/code/ruby/watcher/channel1.ism_aes.ism_aes.ism_aes.ism_aes.ism_aes.ism_aes.ism_aes.ism_aes.ism_aes.ism_aes.ism_aes.ism_aes.ism_aes.ism_aes.ism_aes.ism_aes.ism has changed
I, [2017-03-08 11:19:55 #32898]  INFO -- : file: /Users/brian/code/ruby/watcher/channel1.ism_aes.ism_aes.ism_aes.ism_aes.ism_aes.ism_aes.ism_aes.ism_aes.ism_aes.ism_aes.ism_aes.ism_aes.ism_aes.ism_aes.ism_aes.ism_aes.ism_aes.ism has changed
I, [2017-03-08 11:19:55 #32898]  INFO -- : file: /Users/brian/code/ruby/watcher/channel1.ism_aes.ism_aes.ism_aes.ism_aes.ism_aes.ism_aes.ism_aes.ism_aes.ism_aes.ism_aes.ism_aes.ism_aes.ism_aes.ism_aes.ism_aes.ism_aes.ism_aes.ism_aes.ism has changed
I, [2017-03-08 11:19:55 #32898]  INFO -- : file: /Users/brian/code/ruby/watcher/channel1.ism_aes.ism_aes.ism_aes.ism_aes.ism_aes.ism_aes.ism_aes.ism_aes.ism_aes.ism_aes.ism_aes.ism_aes.ism_aes.ism_aes.ism_aes.ism_aes.ism_aes.ism_aes.ism_aes.ism has changed
I, [2017-03-08 11:19:55 #32898]  INFO -- : file: /Users/brian/code/ruby/watcher/channel1.ism_aes.ism_aes.ism_aes.ism_aes.ism_aes.ism_aes.ism_aes.ism_aes.ism_aes.ism_aes.ism_aes.ism_aes.ism_aes.ism_aes.ism_aes.ism_aes.ism_aes.ism_aes.ism_aes.ism_aes.ism has changed
I, [2017-03-08 11:19:55 #32898]  INFO -- : file: /Users/brian/code/ruby/watcher/channel1.ism_aes.ism_aes.ism_aes.ism_aes.ism_aes.ism_aes.ism_aes.ism_aes.ism_aes.ism_aes.ism_aes.ism_aes.ism_aes.ism_aes.ism_aes.ism_aes.ism_aes.ism_aes.ism_aes.ism_aes.ism_aes.ism has changed
I, [2017-03-08 11:19:55 #32898]  INFO -- : file: /Users/brian/code/ruby/watcher/channel1.ism_aes.ism_aes.ism_aes.ism_aes.ism_aes.ism_aes.ism_aes.ism_aes.ism_aes.ism_aes.ism_aes.ism_aes.ism_aes.ism_aes.ism_aes.ism_aes.ism_aes.ism_aes.ism_aes.ism_aes.ism_aes.ism_aes.ism has changed
I, [2017-03-08 11:19:55 #32898]  INFO -- : file: /Users/brian/code/ruby/watcher/channel1.ism_aes.ism_aes.ism_aes.ism_aes.ism_aes.ism_aes.ism_aes.ism_aes.ism_aes.ism_aes.ism_aes.ism_aes.ism_aes.ism_aes.ism_aes.ism_aes.ism_aes.ism_aes.ism_aes.ism_aes.ism_aes.ism_aes.ism_aes.ism has changed
I, [2017-03-08 11:19:55 #32898]  INFO -- : file: /Users/brian/code/ruby/watcher/channel1.ism_aes.ism_aes.ism_aes.ism_aes.ism_aes.ism_aes.ism_aes.ism_aes.ism_aes.ism_aes.ism_aes.ism_aes.ism_aes.ism_aes.ism_aes.ism_aes.ism_aes.ism_aes.ism_aes.ism_aes.ism_aes.ism_aes.ism_aes.ism_aes.ism has changed
I, [2017-03-08 11:19:55 #32898]  INFO -- : file: /Users/brian/code/ruby/watcher/channel1.ism_aes.ism_aes.ism_aes.ism_aes.ism_aes.ism_aes.ism_aes.ism_aes.ism_aes.ism_aes.ism_aes.ism_aes.ism_aes.ism_aes.ism_aes.ism_aes.ism_aes.ism_aes.ism_aes.ism_aes.ism_aes.ism_aes.ism_aes.ism_aes.ism_aes.ism has changed
I, [2017-03-08 11:19:55 #32898]  INFO -- : file: /Users/brian/code/ruby/watcher/channel1.ism_aes.ism_aes.ism_aes.ism_aes.ism_aes.ism_aes.ism_aes.ism_aes.ism_aes.ism_aes.ism_aes.ism_aes.ism_aes.ism_aes.ism_aes.ism_aes.ism_aes.ism_aes.ism_aes.ism_aes.ism_aes.ism_aes.ism_aes.ism_aes.ism_aes.ism_aes.ism has changed
I, [2017-03-08 11:19:55 #32898]  INFO -- : file: /Users/brian/code/ruby/watcher/channel1.ism_aes.ism_aes.ism_aes.ism_aes.ism_aes.ism_aes.ism_aes.ism_aes.ism_aes.ism_aes.ism_aes.ism_aes.ism_aes.ism_aes.ism_aes.ism_aes.ism_aes.ism_aes.ism_aes.ism_aes.ism_aes.ism_aes.ism_aes.ism_aes.ism_aes.ism_aes.ism_aes.ism has changed
I, [2017-03-08 11:19:55 #32898]  INFO -- : file: /Users/brian/code/ruby/watcher/channel1.ism_aes.ism_aes.ism_aes.ism_aes.ism_aes.ism_aes.ism_aes.ism_aes.ism_aes.ism_aes.ism_aes.ism_aes.ism_aes.ism_aes.ism_aes.ism_aes.ism_aes.ism_aes.ism_aes.ism_aes.ism_aes.ism_aes.ism_aes.ism_aes.ism_aes.ism_aes.ism_aes.ism_aes.ism has changed
I, [2017-03-08 11:19:55 #32898]  INFO -- : file: /Users/brian/code/ruby/watcher/channel1.ism_aes.ism_aes.ism_aes.ism_aes.ism_aes.ism_aes.ism_aes.ism_aes.ism_aes.ism_aes.ism_aes.ism_aes.ism_aes.ism_aes.ism_aes.ism_aes.ism_aes.ism_aes.ism_aes.ism_aes.ism_aes.ism_aes.ism_aes.ism_aes.ism_aes.ism_aes.ism_aes.ism_aes.ism_aes.ism has changed
I, [2017-03-08 11:19:55 #32898]  INFO -- : file: /Users/brian/code/ruby/watcher/channel1.ism_aes.ism_aes.ism_aes.ism_aes.ism_aes.ism_aes.ism_aes.ism_aes.ism_aes.ism_aes.ism_aes.ism_aes.ism_aes.ism_aes.ism_aes.ism_aes.ism_aes.ism_aes.ism_aes.ism_aes.ism_aes.ism_aes.ism_aes.ism_aes.ism_aes.ism_aes.ism_aes.ism_aes.ism_aes.ism_aes.ism has changed
D, [2017-03-08T11:24:24.229403 #32955] DEBUG -- : ----- Log started at 08/03/2017 11:24 -----
I, [2017-03-08 11:24:24 #32955]  INFO -- : file: /Users/brian/code/ruby/watcher/channel1.ism has changed
D, [2017-03-08T11:32:45.465696 #33040] DEBUG -- : ----- Log started at 08/03/2017 11:32 -----
I, [2017-03-08 11:32:45 #33040]  INFO -- : file: /Users/brian/code/ruby/watcher/channel1.ism has changed
D, [2017-03-08T12:01:19.550095 #33420] DEBUG -- : ----- Log started at 08/03/2017 12:01 -----
I, [2017-03-08 12:01:19 #33420]  INFO -- : file: /Users/brian/code/ruby/watcher/channel1.ism has changed
I, [2017-03-08 12:01:19 #33420]  INFO -- : file: /Users/brian/code/ruby/watcher/channel1.ism has copied and renamed to: /Users/brian/code/ruby/watcher/channel1.ism_aes.ism
I, [2017-03-08 12:01:19 #33420]  INFO -- : file: /Users/brian/code/ruby/watcher/channel1.ism_aes.ism has changed
I, [2017-03-08 12:01:19 #33420]  INFO -- : file: /Users/brian/code/ruby/watcher/channel1.ism_aes.ism has copied and renamed to: /Users/brian/code/ruby/watcher/channel1.ism_aes.ism_aes.ism
I, [2017-03-08 12:01:19 #33420]  INFO -- : file: /Users/brian/code/ruby/watcher/channel1.ism_aes.ism_aes.ism has changed
I, [2017-03-08 12:01:19 #33420]  INFO -- : file: /Users/brian/code/ruby/watcher/channel1.ism_aes.ism_aes.ism has copied and renamed to: /Users/brian/code/ruby/watcher/channel1.ism_aes.ism_aes.ism_aes.ism
I, [2017-03-08 12:01:19 #33420]  INFO -- : file: /Users/brian/code/ruby/watcher/channel1.ism_aes.ism_aes.ism_aes.ism has changed
I, [2017-03-08 12:01:19 #33420]  INFO -- : file: /Users/brian/code/ruby/watcher/channel1.ism_aes.ism_aes.ism_aes.ism has copied and renamed to: /Users/brian/code/ruby/watcher/channel1.ism_aes.ism_aes.ism_aes.ism_aes.ism
I, [2017-03-08 12:01:19 #33420]  INFO -- : file: /Users/brian/code/ruby/watcher/channel1.ism_aes.ism_aes.ism_aes.ism_aes.ism has changed
I, [2017-03-08 12:01:19 #33420]  INFO -- : file: /Users/brian/code/ruby/watcher/channel1.ism_aes.ism_aes.ism_aes.ism_aes.ism has copied and renamed to: /Users/brian/code/ruby/watcher/channel1.ism_aes.ism_aes.ism_aes.ism_aes.ism_aes.ism
I, [2017-03-08 12:01:19 #33420]  INFO -- : file: /Users/brian/code/ruby/watcher/channel1.ism_aes.ism_aes.ism_aes.ism_aes.ism_aes.ism has changed
I, [2017-03-08 12:01:19 #33420]  INFO -- : file: /Users/brian/code/ruby/watcher/channel1.ism_aes.ism_aes.ism_aes.ism_aes.ism_aes.ism has copied and renamed to: /Users/brian/code/ruby/watcher/channel1.ism_aes.ism_aes.ism_aes.ism_aes.ism_aes.ism_aes.ism
I, [2017-03-08 12:01:19 #33420]  INFO -- : file: /Users/brian/code/ruby/watcher/channel1.ism_aes.ism_aes.ism_aes.ism_aes.ism_aes.ism_aes.ism has changed
I, [2017-03-08 12:01:19 #33420]  INFO -- : file: /Users/brian/code/ruby/watcher/channel1.ism_aes.ism_aes.ism_aes.ism_aes.ism_aes.ism_aes.ism has copied and renamed to: /Users/brian/code/ruby/watcher/channel1.ism_aes.ism_aes.ism_aes.ism_aes.ism_aes.ism_aes.ism_aes.ism
I, [2017-03-08 12:01:19 #33420]  INFO -- : file: /Users/brian/code/ruby/watcher/channel1.ism_aes.ism_aes.ism_aes.ism_aes.ism_aes.ism_aes.ism_aes.ism has changed
I, [2017-03-08 12:01:19 #33420]  INFO -- : file: /Users/brian/code/ruby/watcher/channel1.ism_aes.ism_aes.ism_aes.ism_aes.ism_aes.ism_aes.ism_aes.ism has copied and renamed to: /Users/brian/code/ruby/watcher/channel1.ism_aes.ism_aes.ism_aes.ism_aes.ism_aes.ism_aes.ism_aes.ism_aes.ism
I, [2017-03-08 12:01:19 #33420]  INFO -- : file: /Users/brian/code/ruby/watcher/channel1.ism_aes.ism_aes.ism_aes.ism_aes.ism_aes.ism_aes.ism_aes.ism_aes.ism has changed
I, [2017-03-08 12:01:19 #33420]  INFO -- : file: /Users/brian/code/ruby/watcher/channel1.ism_aes.ism_aes.ism_aes.ism_aes.ism_aes.ism_aes.ism_aes.ism_aes.ism has copied and renamed to: /Users/brian/code/ruby/watcher/channel1.ism_aes.ism_aes.ism_aes.ism_aes.ism_aes.ism_aes.ism_aes.ism_aes.ism_aes.ism
I, [2017-03-08 12:01:19 #33420]  INFO -- : file: /Users/brian/code/ruby/watcher/channel1.ism_aes.ism_aes.ism_aes.ism_aes.ism_aes.ism_aes.ism_aes.ism_aes.ism_aes.ism has changed
I, [2017-03-08 12:01:19 #33420]  INFO -- : file: /Users/brian/code/ruby/watcher/channel1.ism_aes.ism_aes.ism_aes.ism_aes.ism_aes.ism_aes.ism_aes.ism_aes.ism_aes.ism has copied and renamed to: /Users/brian/code/ruby/watcher/channel1.ism_aes.ism_aes.ism_aes.ism_aes.ism_aes.ism_aes.ism_aes.ism_aes.ism_aes.ism_aes.ism
I, [2017-03-08 12:01:19 #33420]  INFO -- : file: /Users/brian/code/ruby/watcher/channel1.ism_aes.ism_aes.ism_aes.ism_aes.ism_aes.ism_aes.ism_aes.ism_aes.ism_aes.ism_aes.ism has changed
I, [2017-03-08 12:01:19 #33420]  INFO -- : file: /Users/brian/code/ruby/watcher/channel1.ism_aes.ism_aes.ism_aes.ism_aes.ism_aes.ism_aes.ism_aes.ism_aes.ism_aes.ism_aes.ism has copied and renamed to: /Users/brian/code/ruby/watcher/channel1.ism_aes.ism_aes.ism_aes.ism_aes.ism_aes.ism_aes.ism_aes.ism_aes.ism_aes.ism_aes.ism_aes.ism
I, [2017-03-08 12:01:19 #33420]  INFO -- : file: /Users/brian/code/ruby/watcher/channel1.ism_aes.ism_aes.ism_aes.ism_aes.ism_aes.ism_aes.ism_aes.ism_aes.ism_aes.ism_aes.ism_aes.ism has changed
I, [2017-03-08 12:01:19 #33420]  INFO -- : file: /Users/brian/code/ruby/watcher/channel1.ism_aes.ism_aes.ism_aes.ism_aes.ism_aes.ism_aes.ism_aes.ism_aes.ism_aes.ism_aes.ism_aes.ism has copied and renamed to: /Users/brian/code/ruby/watcher/channel1.ism_aes.ism_aes.ism_aes.ism_aes.ism_aes.ism_aes.ism_aes.ism_aes.ism_aes.ism_aes.ism_aes.ism_aes.ism
I, [2017-03-08 12:01:19 #33420]  INFO -- : file: /Users/brian/code/ruby/watcher/channel1.ism_aes.ism_aes.ism_aes.ism_aes.ism_aes.ism_aes.ism_aes.ism_aes.ism_aes.ism_aes.ism_aes.ism_aes.ism has changed
I, [2017-03-08 12:01:19 #33420]  INFO -- : file: /Users/brian/code/ruby/watcher/channel1.ism_aes.ism_aes.ism_aes.ism_aes.ism_aes.ism_aes.ism_aes.ism_aes.ism_aes.ism_aes.ism_aes.ism_aes.ism has copied and renamed to: /Users/brian/code/ruby/watcher/channel1.ism_aes.ism_aes.ism_aes.ism_aes.ism_aes.ism_aes.ism_aes.ism_aes.ism_aes.ism_aes.ism_aes.ism_aes.ism_aes.ism
I, [2017-03-08 12:01:19 #33420]  INFO -- : file: /Users/brian/code/ruby/watcher/channel1.ism_aes.ism_aes.ism_aes.ism_aes.ism_aes.ism_aes.ism_aes.ism_aes.ism_aes.ism_aes.ism_aes.ism_aes.ism_aes.ism has changed
I, [2017-03-08 12:01:19 #33420]  INFO -- : file: /Users/brian/code/ruby/watcher/channel1.ism_aes.ism_aes.ism_aes.ism_aes.ism_aes.ism_aes.ism_aes.ism_aes.ism_aes.ism_aes.ism_aes.ism_aes.ism_aes.ism has copied and renamed to: /Users/brian/code/ruby/watcher/channel1.ism_aes.ism_aes.ism_aes.ism_aes.ism_aes.ism_aes.ism_aes.ism_aes.ism_aes.ism_aes.ism_aes.ism_aes.ism_aes.ism_aes.ism
I, [2017-03-08 12:01:19 #33420]  INFO -- : file: /Users/brian/code/ruby/watcher/channel1.ism_aes.ism_aes.ism_aes.ism_aes.ism_aes.ism_aes.ism_aes.ism_aes.ism_aes.ism_aes.ism_aes.ism_aes.ism_aes.ism_aes.ism has changed
I, [2017-03-08 12:01:19 #33420]  INFO -- : file: /Users/brian/code/ruby/watcher/channel1.ism_aes.ism_aes.ism_aes.ism_aes.ism_aes.ism_aes.ism_aes.ism_aes.ism_aes.ism_aes.ism_aes.ism_aes.ism_aes.ism_aes.ism has copied and renamed to: /Users/brian/code/ruby/watcher/channel1.ism_aes.ism_aes.ism_aes.ism_aes.ism_aes.ism_aes.ism_aes.ism_aes.ism_aes.ism_aes.ism_aes.ism_aes.ism_aes.ism_aes.ism_aes.ism
I, [2017-03-08 12:01:19 #33420]  INFO -- : file: /Users/brian/code/ruby/watcher/channel1.ism_aes.ism_aes.ism_aes.ism_aes.ism_aes.ism_aes.ism_aes.ism_aes.ism_aes.ism_aes.ism_aes.ism_aes.ism_aes.ism_aes.ism_aes.ism has changed
I, [2017-03-08 12:01:19 #33420]  INFO -- : file: /Users/brian/code/ruby/watcher/channel1.ism_aes.ism_aes.ism_aes.ism_aes.ism_aes.ism_aes.ism_aes.ism_aes.ism_aes.ism_aes.ism_aes.ism_aes.ism_aes.ism_aes.ism_aes.ism has copied and renamed to: /Users/brian/code/ruby/watcher/channel1.ism_aes.ism_aes.ism_aes.ism_aes.ism_aes.ism_aes.ism_aes.ism_aes.ism_aes.ism_aes.ism_aes.ism_aes.ism_aes.ism_aes.ism_aes.ism_aes.ism
I, [2017-03-08 12:01:19 #33420]  INFO -- : file: /Users/brian/code/ruby/watcher/channel1.ism_aes.ism_aes.ism_aes.ism_aes.ism_aes.ism_aes.ism_aes.ism_aes.ism_aes.ism_aes.ism_aes.ism_aes.ism_aes.ism_aes.ism_aes.ism_aes.ism has changed
I, [2017-03-08 12:01:19 #33420]  INFO -- : file: /Users/brian/code/ruby/watcher/channel1.ism_aes.ism_aes.ism_aes.ism_aes.ism_aes.ism_aes.ism_aes.ism_aes.ism_aes.ism_aes.ism_aes.ism_aes.ism_aes.ism_aes.ism_aes.ism_aes.ism has copied and renamed to: /Users/brian/code/ruby/watcher/channel1.ism_aes.ism_aes.ism_aes.ism_aes.ism_aes.ism_aes.ism_aes.ism_aes.ism_aes.ism_aes.ism_aes.ism_aes.ism_aes.ism_aes.ism_aes.ism_aes.ism_aes.ism
I, [2017-03-08 12:01:19 #33420]  INFO -- : file: /Users/brian/code/ruby/watcher/channel1.ism_aes.ism_aes.ism_aes.ism_aes.ism_aes.ism_aes.ism_aes.ism_aes.ism_aes.ism_aes.ism_aes.ism_aes.ism_aes.ism_aes.ism_aes.ism_aes.ism_aes.ism has changed
I, [2017-03-08 12:01:19 #33420]  INFO -- : file: /Users/brian/code/ruby/watcher/channel1.ism_aes.ism_aes.ism_aes.ism_aes.ism_aes.ism_aes.ism_aes.ism_aes.ism_aes.ism_aes.ism_aes.ism_aes.ism_aes.ism_aes.ism_aes.ism_aes.ism_aes.ism has copied and renamed to: /Users/brian/code/ruby/watcher/channel1.ism_aes.ism_aes.ism_aes.ism_aes.ism_aes.ism_aes.ism_aes.ism_aes.ism_aes.ism_aes.ism_aes.ism_aes.ism_aes.ism_aes.ism_aes.ism_aes.ism_aes.ism_aes.ism
I, [2017-03-08 12:01:19 #33420]  INFO -- : file: /Users/brian/code/ruby/watcher/channel1.ism_aes.ism_aes.ism_aes.ism_aes.ism_aes.ism_aes.ism_aes.ism_aes.ism_aes.ism_aes.ism_aes.ism_aes.ism_aes.ism_aes.ism_aes.ism_aes.ism_aes.ism_aes.ism has changed
I, [2017-03-08 12:01:19 #33420]  INFO -- : file: /Users/brian/code/ruby/watcher/channel1.ism_aes.ism_aes.ism_aes.ism_aes.ism_aes.ism_aes.ism_aes.ism_aes.ism_aes.ism_aes.ism_aes.ism_aes.ism_aes.ism_aes.ism_aes.ism_aes.ism_aes.ism_aes.ism has copied and renamed to: /Users/brian/code/ruby/watcher/channel1.ism_aes.ism_aes.ism_aes.ism_aes.ism_aes.ism_aes.ism_aes.ism_aes.ism_aes.ism_aes.ism_aes.ism_aes.ism_aes.ism_aes.ism_aes.ism_aes.ism_aes.ism_aes.ism_aes.ism
I, [2017-03-08 12:01:19 #33420]  INFO -- : file: /Users/brian/code/ruby/watcher/channel1.ism_aes.ism_aes.ism_aes.ism_aes.ism_aes.ism_aes.ism_aes.ism_aes.ism_aes.ism_aes.ism_aes.ism_aes.ism_aes.ism_aes.ism_aes.ism_aes.ism_aes.ism_aes.ism_aes.ism has changed
I, [2017-03-08 12:01:19 #33420]  INFO -- : file: /Users/brian/code/ruby/watcher/channel1.ism_aes.ism_aes.ism_aes.ism_aes.ism_aes.ism_aes.ism_aes.ism_aes.ism_aes.ism_aes.ism_aes.ism_aes.ism_aes.ism_aes.ism_aes.ism_aes.ism_aes.ism_aes.ism_aes.ism has copied and renamed to: /Users/brian/code/ruby/watcher/channel1.ism_aes.ism_aes.ism_aes.ism_aes.ism_aes.ism_aes.ism_aes.ism_aes.ism_aes.ism_aes.ism_aes.ism_aes.ism_aes.ism_aes.ism_aes.ism_aes.ism_aes.ism_aes.ism_aes.ism_aes.ism
I, [2017-03-08 12:01:19 #33420]  INFO -- : file: /Users/brian/code/ruby/watcher/channel1.ism_aes.ism_aes.ism_aes.ism_aes.ism_aes.ism_aes.ism_aes.ism_aes.ism_aes.ism_aes.ism_aes.ism_aes.ism_aes.ism_aes.ism_aes.ism_aes.ism_aes.ism_aes.ism_aes.ism_aes.ism has changed
I, [2017-03-08 12:01:19 #33420]  INFO -- : file: /Users/brian/code/ruby/watcher/channel1.ism_aes.ism_aes.ism_aes.ism_aes.ism_aes.ism_aes.ism_aes.ism_aes.ism_aes.ism_aes.ism_aes.ism_aes.ism_aes.ism_aes.ism_aes.ism_aes.ism_aes.ism_aes.ism_aes.ism_aes.ism has copied and renamed to: /Users/brian/code/ruby/watcher/channel1.ism_aes.ism_aes.ism_aes.ism_aes.ism_aes.ism_aes.ism_aes.ism_aes.ism_aes.ism_aes.ism_aes.ism_aes.ism_aes.ism_aes.ism_aes.ism_aes.ism_aes.ism_aes.ism_aes.ism_aes.ism_aes.ism
I, [2017-03-08 12:01:19 #33420]  INFO -- : file: /Users/brian/code/ruby/watcher/channel1.ism_aes.ism_aes.ism_aes.ism_aes.ism_aes.ism_aes.ism_aes.ism_aes.ism_aes.ism_aes.ism_aes.ism_aes.ism_aes.ism_aes.ism_aes.ism_aes.ism_aes.ism_aes.ism_aes.ism_aes.ism_aes.ism has changed
I, [2017-03-08 12:01:19 #33420]  INFO -- : file: /Users/brian/code/ruby/watcher/channel1.ism_aes.ism_aes.ism_aes.ism_aes.ism_aes.ism_aes.ism_aes.ism_aes.ism_aes.ism_aes.ism_aes.ism_aes.ism_aes.ism_aes.ism_aes.ism_aes.ism_aes.ism_aes.ism_aes.ism_aes.ism_aes.ism has copied and renamed to: /Users/brian/code/ruby/watcher/channel1.ism_aes.ism_aes.ism_aes.ism_aes.ism_aes.ism_aes.ism_aes.ism_aes.ism_aes.ism_aes.ism_aes.ism_aes.ism_aes.ism_aes.ism_aes.ism_aes.ism_aes.ism_aes.ism_aes.ism_aes.ism_aes.ism_aes.ism
I, [2017-03-08 12:01:19 #33420]  INFO -- : file: /Users/brian/code/ruby/watcher/channel1.ism_aes.ism_aes.ism_aes.ism_aes.ism_aes.ism_aes.ism_aes.ism_aes.ism_aes.ism_aes.ism_aes.ism_aes.ism_aes.ism_aes.ism_aes.ism_aes.ism_aes.ism_aes.ism_aes.ism_aes.ism_aes.ism_aes.ism has changed
I, [2017-03-08 12:01:19 #33420]  INFO -- : file: /Users/brian/code/ruby/watcher/channel1.ism_aes.ism_aes.ism_aes.ism_aes.ism_aes.ism_aes.ism_aes.ism_aes.ism_aes.ism_aes.ism_aes.ism_aes.ism_aes.ism_aes.ism_aes.ism_aes.ism_aes.ism_aes.ism_aes.ism_aes.ism_aes.ism_aes.ism has copied and renamed to: /Users/brian/code/ruby/watcher/channel1.ism_aes.ism_aes.ism_aes.ism_aes.ism_aes.ism_aes.ism_aes.ism_aes.ism_aes.ism_aes.ism_aes.ism_aes.ism_aes.ism_aes.ism_aes.ism_aes.ism_aes.ism_aes.ism_aes.ism_aes.ism_aes.ism_aes.ism_aes.ism
I, [2017-03-08 12:01:19 #33420]  INFO -- : file: /Users/brian/code/ruby/watcher/channel1.ism_aes.ism_aes.ism_aes.ism_aes.ism_aes.ism_aes.ism_aes.ism_aes.ism_aes.ism_aes.ism_aes.ism_aes.ism_aes.ism_aes.ism_aes.ism_aes.ism_aes.ism_aes.ism_aes.ism_aes.ism_aes.ism_aes.ism_aes.ism has changed
I, [2017-03-08 12:01:19 #33420]  INFO -- : file: /Users/brian/code/ruby/watcher/channel1.ism_aes.ism_aes.ism_aes.ism_aes.ism_aes.ism_aes.ism_aes.ism_aes.ism_aes.ism_aes.ism_aes.ism_aes.ism_aes.ism_aes.ism_aes.ism_aes.ism_aes.ism_aes.ism_aes.ism_aes.ism_aes.ism_aes.ism_aes.ism has copied and renamed to: /Users/brian/code/ruby/watcher/channel1.ism_aes.ism_aes.ism_aes.ism_aes.ism_aes.ism_aes.ism_aes.ism_aes.ism_aes.ism_aes.ism_aes.ism_aes.ism_aes.ism_aes.ism_aes.ism_aes.ism_aes.ism_aes.ism_aes.ism_aes.ism_aes.ism_aes.ism_aes.ism_aes.ism
I, [2017-03-08 12:01:19 #33420]  INFO -- : file: /Users/brian/code/ruby/watcher/channel1.ism_aes.ism_aes.ism_aes.ism_aes.ism_aes.ism_aes.ism_aes.ism_aes.ism_aes.ism_aes.ism_aes.ism_aes.ism_aes.ism_aes.ism_aes.ism_aes.ism_aes.ism_aes.ism_aes.ism_aes.ism_aes.ism_aes.ism_aes.ism_aes.ism has changed
I, [2017-03-08 12:01:19 #33420]  INFO -- : file: /Users/brian/code/ruby/watcher/channel1.ism_aes.ism_aes.ism_aes.ism_aes.ism_aes.ism_aes.ism_aes.ism_aes.ism_aes.ism_aes.ism_aes.ism_aes.ism_aes.ism_aes.ism_aes.ism_aes.ism_aes.ism_aes.ism_aes.ism_aes.ism_aes.ism_aes.ism_aes.ism_aes.ism has copied and renamed to: /Users/brian/code/ruby/watcher/channel1.ism_aes.ism_aes.ism_aes.ism_aes.ism_aes.ism_aes.ism_aes.ism_aes.ism_aes.ism_aes.ism_aes.ism_aes.ism_aes.ism_aes.ism_aes.ism_aes.ism_aes.ism_aes.ism_aes.ism_aes.ism_aes.ism_aes.ism_aes.ism_aes.ism_aes.ism
I, [2017-03-08 12:01:19 #33420]  INFO -- : file: /Users/brian/code/ruby/watcher/channel1.ism_aes.ism_aes.ism_aes.ism_aes.ism_aes.ism_aes.ism_aes.ism_aes.ism_aes.ism_aes.ism_aes.ism_aes.ism_aes.ism_aes.ism_aes.ism_aes.ism_aes.ism_aes.ism_aes.ism_aes.ism_aes.ism_aes.ism_aes.ism_aes.ism_aes.ism has changed
I, [2017-03-08 12:01:19 #33420]  INFO -- : file: /Users/brian/code/ruby/watcher/channel1.ism_aes.ism_aes.ism_aes.ism_aes.ism_aes.ism_aes.ism_aes.ism_aes.ism_aes.ism_aes.ism_aes.ism_aes.ism_aes.ism_aes.ism_aes.ism_aes.ism_aes.ism_aes.ism_aes.ism_aes.ism_aes.ism_aes.ism_aes.ism_aes.ism_aes.ism has copied and renamed to: /Users/brian/code/ruby/watcher/channel1.ism_aes.ism_aes.ism_aes.ism_aes.ism_aes.ism_aes.ism_aes.ism_aes.ism_aes.ism_aes.ism_aes.ism_aes.ism_aes.ism_aes.ism_aes.ism_aes.ism_aes.ism_aes.ism_aes.ism_aes.ism_aes.ism_aes.ism_aes.ism_aes.ism_aes.ism_aes.ism
I, [2017-03-08 12:01:19 #33420]  INFO -- : file: /Users/brian/code/ruby/watcher/channel1.ism_aes.ism_aes.ism_aes.ism_aes.ism_aes.ism_aes.ism_aes.ism_aes.ism_aes.ism_aes.ism_aes.ism_aes.ism_aes.ism_aes.ism_aes.ism_aes.ism_aes.ism_aes.ism_aes.ism_aes.ism_aes.ism_aes.ism_aes.ism_aes.ism_aes.ism_aes.ism has changed
I, [2017-03-08 12:01:19 #33420]  INFO -- : file: /Users/brian/code/ruby/watcher/channel1.ism_aes.ism_aes.ism_aes.ism_aes.ism_aes.ism_aes.ism_aes.ism_aes.ism_aes.ism_aes.ism_aes.ism_aes.ism_aes.ism_aes.ism_aes.ism_aes.ism_aes.ism_aes.ism_aes.ism_aes.ism_aes.ism_aes.ism_aes.ism_aes.ism_aes.ism_aes.ism has copied and renamed to: /Users/brian/code/ruby/watcher/channel1.ism_aes.ism_aes.ism_aes.ism_aes.ism_aes.ism_aes.ism_aes.ism_aes.ism_aes.ism_aes.ism_aes.ism_aes.ism_aes.ism_aes.ism_aes.ism_aes.ism_aes.ism_aes.ism_aes.ism_aes.ism_aes.ism_aes.ism_aes.ism_aes.ism_aes.ism_aes.ism_aes.ism
I, [2017-03-08 12:01:19 #33420]  INFO -- : file: /Users/brian/code/ruby/watcher/channel1.ism_aes.ism_aes.ism_aes.ism_aes.ism_aes.ism_aes.ism_aes.ism_aes.ism_aes.ism_aes.ism_aes.ism_aes.ism_aes.ism_aes.ism_aes.ism_aes.ism_aes.ism_aes.ism_aes.ism_aes.ism_aes.ism_aes.ism_aes.ism_aes.ism_aes.ism_aes.ism_aes.ism has changed
I, [2017-03-08 12:01:19 #33420]  INFO -- : file: /Users/brian/code/ruby/watcher/channel1.ism_aes.ism_aes.ism_aes.ism_aes.ism_aes.ism_aes.ism_aes.ism_aes.ism_aes.ism_aes.ism_aes.ism_aes.ism_aes.ism_aes.ism_aes.ism_aes.ism_aes.ism_aes.ism_aes.ism_aes.ism_aes.ism_aes.ism_aes.ism_aes.ism_aes.ism_aes.ism_aes.ism has copied and renamed to: /Users/brian/code/ruby/watcher/channel1.ism_aes.ism_aes.ism_aes.ism_aes.ism_aes.ism_aes.ism_aes.ism_aes.ism_aes.ism_aes.ism_aes.ism_aes.ism_aes.ism_aes.ism_aes.ism_aes.ism_aes.ism_aes.ism_aes.ism_aes.ism_aes.ism_aes.ism_aes.ism_aes.ism_aes.ism_aes.ism_aes.ism_aes.ism
I, [2017-03-08 12:01:19 #33420]  INFO -- : file: /Users/brian/code/ruby/watcher/channel1.ism_aes.ism_aes.ism_aes.ism_aes.ism_aes.ism_aes.ism_aes.ism_aes.ism_aes.ism_aes.ism_aes.ism_aes.ism_aes.ism_aes.ism_aes.ism_aes.ism_aes.ism_aes.ism_aes.ism_aes.ism_aes.ism_aes.ism_aes.ism_aes.ism_aes.ism_aes.ism_aes.ism_aes.ism has changed
I, [2017-03-08 12:01:19 #33420]  INFO -- : file: /Users/brian/code/ruby/watcher/channel1.ism_aes.ism_aes.ism_aes.ism_aes.ism_aes.ism_aes.ism_aes.ism_aes.ism_aes.ism_aes.ism_aes.ism_aes.ism_aes.ism_aes.ism_aes.ism_aes.ism_aes.ism_aes.ism_aes.ism_aes.ism_aes.ism_aes.ism_aes.ism_aes.ism_aes.ism_aes.ism_aes.ism_aes.ism has copied and renamed to: /Users/brian/code/ruby/watcher/channel1.ism_aes.ism_aes.ism_aes.ism_aes.ism_aes.ism_aes.ism_aes.ism_aes.ism_aes.ism_aes.ism_aes.ism_aes.ism_aes.ism_aes.ism_aes.ism_aes.ism_aes.ism_aes.ism_aes.ism_aes.ism_aes.ism_aes.ism_aes.ism_aes.ism_aes.ism_aes.ism_aes.ism_aes.ism_aes.ism
I, [2017-03-08 12:01:19 #33420]  INFO -- : file: /Users/brian/code/ruby/watcher/channel1.ism_aes.ism_aes.ism_aes.ism_aes.ism_aes.ism_aes.ism_aes.ism_aes.ism_aes.ism_aes.ism_aes.ism_aes.ism_aes.ism_aes.ism_aes.ism_aes.ism_aes.ism_aes.ism_aes.ism_aes.ism_aes.ism_aes.ism_aes.ism_aes.ism_aes.ism_aes.ism_aes.ism_aes.ism_aes.ism has changed
I, [2017-03-08 12:01:19 #33420]  INFO -- : file: /Users/brian/code/ruby/watcher/channel1.ism_aes.ism_aes.ism_aes.ism_aes.ism_aes.ism_aes.ism_aes.ism_aes.ism_aes.ism_aes.ism_aes.ism_aes.ism_aes.ism_aes.ism_aes.ism_aes.ism_aes.ism_aes.ism_aes.ism_aes.ism_aes.ism_aes.ism_aes.ism_aes.ism_aes.ism_aes.ism_aes.ism_aes.ism_aes.ism has copied and renamed to: /Users/brian/code/ruby/watcher/channel1.ism_aes.ism_aes.ism_aes.ism_aes.ism_aes.ism_aes.ism_aes.ism_aes.ism_aes.ism_aes.ism_aes.ism_aes.ism_aes.ism_aes.ism_aes.ism_aes.ism_aes.ism_aes.ism_aes.ism_aes.ism_aes.ism_aes.ism_aes.ism_aes.ism_aes.ism_aes.ism_aes.ism_aes.ism_aes.ism_aes.ism
I, [2017-03-08 12:01:19 #33420]  INFO -- : file: /Users/brian/code/ruby/watcher/channel1.ism_aes.ism_aes.ism_aes.ism_aes.ism_aes.ism_aes.ism_aes.ism_aes.ism_aes.ism_aes.ism_aes.ism_aes.ism_aes.ism_aes.ism_aes.ism_aes.ism_aes.ism_aes.ism_aes.ism_aes.ism_aes.ism_aes.ism_aes.ism_aes.ism_aes.ism_aes.ism_aes.ism_aes.ism_aes.ism_aes.ism has changed
D, [2017-03-08T12:05:08.820651 #33466] DEBUG -- : ----- Log started at 08/03/2017 12:05 -----
I, [2017-03-08 12:05:08 #33466]  INFO -- : file: /Users/brian/code/ruby/watcher/channel1.ism has changed
D, [2017-03-08T12:06:11.663813 #33475] DEBUG -- : ----- Log started at 08/03/2017 12:06 -----
I, [2017-03-08 12:06:11 #33475]  INFO -- : file: /Users/brian/code/ruby/watcher/channel1.ism has changed
D, [2017-03-08T12:07:04.890197 #33482] DEBUG -- : ----- Log started at 08/03/2017 12:07 -----
I, [2017-03-08 12:07:04 #33482]  INFO -- : file: /Users/brian/code/ruby/watcher/channel1.ism has changed
I, [2017-03-08 12:08:54 #33482]  INFO -- : file: /Users/brian/code/ruby/watcher/src_ism has changed
I, [2017-03-08 12:08:58 #33482]  INFO -- : file: /Users/brian/code/ruby/watcher/src_ism has changed
I, [2017-03-08 12:08:58 #33482]  INFO -- : file: /Users/brian/code/ruby/watcher/channel1.ism has changed
I, [2017-03-08 12:09:03 #33482]  INFO -- : file: /Users/brian/code/ruby/watcher/src_ism has changed
I, [2017-03-08 12:09:03 #33482]  INFO -- : file: /Users/brian/code/ruby/watcher/channel1.ism_aes.ism has changed
I, [2017-03-08 12:09:52 #33482]  INFO -- : file: /Users/brian/code/ruby/watcher/filewatcher.rb has changed
D, [2017-03-08T12:10:17.753131 #33513] DEBUG -- : ----- Log started at 08/03/2017 12:10 -----
I, [2017-03-08 12:10:17 #33513]  INFO -- : file: src_ism/channel1.ism has changed
D, [2017-03-08T12:12:29.789097 #33546] DEBUG -- : ----- Log started at 08/03/2017 12:12 -----
I, [2017-03-08 12:12:29 #33546]  INFO -- : file: src_ism/channel1.ism has changed
D, [2017-03-08T14:48:10.721092 #36118] DEBUG -- : ----- Log started at 08/03/2017 14:48 -----
I, [2017-03-08 14:48:10 #36118]  INFO -- : file: src_ism/channel1.ism_aes.ism has changed
I, [2017-03-08 14:48:16 #36118]  INFO -- : file: src_ism/channel1.ism has changed
I, [2017-03-08 14:48:16 #36118]  INFO -- : file: src_ism/channel1.ism has copied and renamed to: src_ism/channel1.ism_aes.ism
I, [2017-03-08 14:48:16 #36118]  INFO -- : file: src_ism/channel1.ism_aes.ism has changed
I, [2017-03-08 14:51:09 #36118]  INFO -- : file: src_ism/channel1.ism has changed
I, [2017-03-08 14:51:09 #36118]  INFO -- : file: src_ism/channel1.ism has copied and renamed to: src_ism/channel1.ism_aes.ism
I, [2017-03-08 14:51:09 #36118]  INFO -- : file: src_ism/channel1.ism_aes.ism has changed
D, [2017-03-08T14:58:35.056069 #36278] DEBUG -- : ----- Log started at 08/03/2017 14:58 -----
I, [2017-03-08 14:58:35 #36278]  INFO -- : file: src_ism/channel1.ism has changed
I, [2017-03-08 14:58:35 #36278]  INFO -- : file: src_ism/channel1.ism has copied and renamed to: src_ism/channel1.ism_aes.ism
D, [2017-03-08T14:59:04.090290 #36283] DEBUG -- : ----- Log started at 08/03/2017 14:59 -----
I, [2017-03-08 14:59:04 #36283]  INFO -- : file: src_ism/channel1.ism has changed
I, [2017-03-08 14:59:04 #36283]  INFO -- : file: src_ism/channel1.ism has copied and renamed to: src_ism/channel1.ism_aes.ism
D, [2017-03-08T14:59:55.127173 #36291] DEBUG -- : ----- Log started at 08/03/2017 14:59 -----
I, [2017-03-08 14:59:55 #36291]  INFO -- : file: src_ism/channel1.ism has changed
I, [2017-03-08 14:59:55 #36291]  INFO -- : file: src_ism/channel1.ism has copied and renamed to: src_ism/channel1.ism_aes.ism
I, [2017-03-08 14:59:55 #36291]  INFO -- : Rotate key
I, [2017-03-08 14:59:55 #36291]  INFO -- : file: src_ism/channel1.ism_aes.ism has changed
